<?xml version="1.0" encoding="UTF-8"?>
<!-- Generated by org.testng.reporters.JUnitReportReporter -->
<testsuite hostname="LAPTOP-SGUMLGB9" failures="0" tests="1" name="com.example.AppTest" time="0.009" errors="0" timestamp="2025-04-04T16:23:18 ICT" skipped="0">
  <testcase classname="com.example.AppTest" name="shouldAnswerWithTrue" time="0.009"/>
</testsuite> <!-- com.example.AppTest -->
